Received request: citation_id=30, amount=500Received request: citation_id=29, amount=500Received request: citation_id=31, amount=500Received request: citation_id=30, amount=500Received request: citation_id=32, amount=1000Received request: citation_id=33, amount=1000Received request: citation_id=37, amount=500Received request: citation_id=35, amount=1000Received request: citation_id=38, amount=300Received request: citation_id=38, amount=500Received request: citation_id=36, amount=1000Received request: citation_id=38, amount=500Raw POST amount: 500Received request: citation_id=38, amount=500Citation status: UnpaidViolation count: 2, Total fine: 1000Error: Payment amount is less than the total fine of ₱1000.Raw POST amount: 500Received request: citation_id=38, amount=500Citation status: UnpaidPayment processing error: SQLSTATE[42S22]: Column not found: 1054 Unknown column 'fine' in 'field list'Raw POST amount: 500Received request: citation_id=38, amount=500Citation status: UnpaidPayment processing error: SQLSTATE[42S22]: Column not found: 1054 Unknown column 'fine' in 'field list'Raw POST amount: 500Received request: citation_id=38, amount=500Citation status: UnpaidPayment processing error: SQLSTATE[42S22]: Column not found: 1054 Unknown column 'fine' in 'field list'Raw POST amount: 500Received request: citation_id=38, amount=500Citation status: UnpaidViolation count: 2, Total fine: 1000Error: Payment amount is less than the total fine of ₱1000.Raw POST amount: 1000Received request: citation_id=38, amount=1000Citation status: UnpaidViolation count: 2, Total fine: 1000Raw POST amount: 1000Received request: citation_id=39, amount=1000Citation status: UnpaidPayment processing error: SQLSTATE[42S22]: Column not found: 1054 Unknown column 'fine' in 'field list'Received request: citation_id=39, amount=1000Received request: citation_id=38, amount=1000Received request: citation_id=5368, amount=500Received request: citation_id=19868, amount=500Received request: citation_id=22732, amount=500Received request: citation_id=22732, amount=500Received request: citation_id=22746, amount=2500Received request: citation_id=22745, amount=500Received request: citation_id=22733, amount=500Received request: citation_id=22748, amount=4000Received request: citation_id=22745, amount=0Received request: citation_id=22749, amount=4000Payment request: citation_id=22750, amount=500Payment request: citation_id=30944, amount=500Payment request: citation_id=37257, amount=200Payment request: citation_id=37254, amount=3000Received request: citation_id=37258, amount=500Received request: citation_id=37255, amount=150Received request: citation_id=37256, amount=150Received request: citation_id=37260, amount=700Received request: citation_id=37259, amount=500Received request: citation_id=37268, amount=500Received request: citation_id=37271, amount=500, violation_ids=Array
(
    [0] => 7
)
Received request: citation_id=37266, amount=1000, violation_ids=Array
(
    [0] => 2
)
Received request: citation_id=37275, amount=2500, violation_ids=Array
(
    [0] => 12
)
Received request: citation_id=37274, amount=1500, violation_ids=Array
(
    [0] => 11
)
Received request: citation_id=37276, amount=150, violation_ids=Array
(
    [0] => 13
)
Received request: citation_id=37278, amount=150, violation_ids=Array
(
    [0] => 17
)
Received request: citation_id=37277, amount=150, violation_ids=Array
(
    [0] => 19
)
Received request: citation_id=37277, amount=1000, violation_ids=Array
(
    [0] => 20
)
Received request: citation_id=37279, amount=150, violation_ids=Array
(
    [0] => 21
)
Received request: citation_id=37279, amount=200, violation_ids=Array
(
    [0] => 22
)
Received request: citation_id=372793, amount=1000, violation_ids=Array
(
    [0] => 33
)
Received request: citation_id=372793, amount=2500, violation_ids=Array
(
    [0] => 32
)
Received request: citation_id=372794, amount=2500, violation_ids=Array
(
    [0] => 35
)
Received request: citation_id=372794, amount=200, violation_ids=Array
(
    [0] => 34
)
Received request: citation_id=372795, amount=200, violation_ids=Array
(
    [0] => 37
)
Received request: citation_id=372795, amount=200, violation_ids=Array
(
    [0] => 36
)
Received request: citation_id=372796, amount=300, violation_ids=Array
(
    [0] => 39
    [1] => 38
)
Received request: citation_id=372797, amount=500, violation_ids=Array
(
    [0] => 41
)
Received request: citation_id=372798, amount=1000, violation_ids=Array
(
    [0] => 43
)
Received request: citation_id=372799, amount=300, violation_ids=Array
(
    [0] => 44
    [1] => 45
)
Received request: citation_id=372798, amount=300, violation_ids=Array
(
    [0] => 49
    [1] => 48
)
Received request: citation_id=372797, amount=150, violation_ids=Array
(
    [0] => 40
)
Received request: citation_id=372800, amount=1000, violation_ids=Array
(
    [0] => 50
)
Received request: citation_id=372799, amount=300, violation_ids=Array
(
    [0] => 45
    [1] => 44
)
Received request: citation_id=372798, amount=150, violation_ids=Array
(
    [0] => 42
)
Received request: citation_id=372797, amount=150, violation_ids=Array
(
    [0] => 40
)
Received request: citation_id=372800, amount=300, violation_ids=Array
(
    [0] => 47
    [1] => 46
)
Received request: citation_id=372801, amount=150, violation_ids=Array
(
    [0] => 49
)
Received request: citation_id=372801, amount=150, violation_ids=Array
(
    [0] => 50
)
Received request: citation_id=372803, amount=300, violation_ids=Array
(
    [0] => 54
    [1] => 53
)
Received request: citation_id=372802, amount=300, violation_ids=Array
(
    [0] => 52
    [1] => 51
)
Received request: citation_id=372805, amount=150, violation_ids=Array
(
    [0] => 57
)
Received request: citation_id=372805, amount=150, violation_ids=Array
(
    [0] => 58
)
Received request: citation_id=372806, amount=300, violation_ids=Array
(
    [0] => 60
    [1] => 59
)
Received request: citation_id=372804, amount=300, violation_ids=Array
(
    [0] => 56
    [1] => 55
)
Received request: citation_id=372807, amount=300, violation_ids=Array
(
    [0] => 62
    [1] => 61
)
Received request: citation_id=372808, amount=300, violation_ids=Array
(
    [0] => 64
    [1] => 63
)
Received request: citation_id=372809, amount=300, violation_ids=Array
(
    [0] => 66
    [1] => 65
)
Received request: citation_id=372810, amount=300, violation_ids=Array
(
    [0] => 68
    [1] => 67
)
Received request: citation_id=372811, amount=300, violation_ids=Array
(
    [0] => 70
    [1] => 69
)
Received request: citation_id=372812, amount=300, violation_ids=Array
(
    [0] => 72
    [1] => 71
)
Received request: citation_id=372813, amount=300, violation_ids=Array
(
    [0] => 74
    [1] => 73
)
Payment processing error: SQLSTATE[23000]: Integrity constraint violation: 1062 Duplicate entry 'PAY-20250708-0225-94' for key 'reference_number'Received request: citation_id=372813, amount=300, violation_ids=Array
(
    [0] => 74
    [1] => 73
)
Payment processing error: SQLSTATE[23000]: Integrity constraint violation: 1062 Duplicate entry 'PAY-20250708-0225-94' for key 'reference_number'Received request: citation_id=372813, amount=300, violation_ids=Array
(
    [0] => 74
    [1] => 73
)
Received request: citation_id=372814, amount=300, violation_ids=Array
(
    [0] => 76
    [1] => 75
)
Received request: citation_id=372815, amount=300, violation_ids=Array
(
    [0] => 78
    [1] => 77
)
Received request: citation_id=372816, amount=300, violation_ids=Array
(
    [0] => 80
    [1] => 79
)
Received request: citation_id=372817, amount=300, violation_ids=Array
(
    [0] => 82
    [1] => 81
)
Received request: citation_id=372818, amount=300, violation_ids=Array
(
    [0] => 84
    [1] => 83
)
Received request: citation_id=372819, amount=500, violation_ids=Array
(
    [0] => 86
    [1] => 85
    [2] => 87
)
